<?xml version="1.0" encoding="UTF-8"?>
<!-- Generated by org.testng.reporters.JUnitReportReporter -->
<testsuite skipped="0" hostname="venkay32" name="com.SeleniumWebDriverTipsAndTricks.webdriver.VerifyScrollPresentOnBrowser" tests="1" failures="0" timestamp="25 Oct 2019 20:33:19 GMT" time="10.684" errors="0">
  <testcase name="getScrollStatus" time="10.684" classname="com.SeleniumWebDriverTipsAndTricks.webdriver.VerifyScrollPresentOnBrowser"/>
</testsuite> <!-- com.SeleniumWebDriverTipsAndTricks.webdriver.VerifyScrollPresentOnBrowser -->
