<?xml version="1.0" encoding="UTF-8"?>
<!-- Generated by org.testng.reporters.JUnitReportReporter -->
<testsuite skipped="0" hostname="venkay32" name="com.AdvancedTestNG.webdriver.EnableOrDisabledAnnot" tests="2" failures="0" timestamp="21 Oct 2019 13:22:36 GMT" time="2.264" errors="0">
  <testcase name="testCaseOne_EnableOrDisabledAnnot" time="1.137" classname="com.AdvancedTestNG.webdriver.EnableOrDisabledAnnot"/>
  <testcase name="testCaseTwo_EnableOrDisabledAnnot" time="1.127" classname="com.AdvancedTestNG.webdriver.EnableOrDisabledAnnot"/>
</testsuite> <!-- com.AdvancedTestNG.webdriver.EnableOrDisabledAnnot -->
