<?xml version="1.0" encoding="UTF-8"?>
<!-- Generated by org.testng.reporters.JUnitReportReporter -->
<testsuite skipped="0" hostname="venkay32" name="com.SeleniumWebDriverTipsAndTricks.webdriver.ReadingPieChartToolTipValue" tests="1" failures="0" timestamp="29 Oct 2019 12:29:10 GMT" time="1.519" errors="0">
  <testcase name="pieChart" time="1.519" classname="com.SeleniumWebDriverTipsAndTricks.webdriver.ReadingPieChartToolTipValue"/>
</testsuite> <!-- com.SeleniumWebDriverTipsAndTricks.webdriver.ReadingPieChartToolTipValue -->
