<?xml version="1.0" encoding="UTF-8"?>
<!-- Generated by org.testng.reporters.JUnitReportReporter -->
<testsuite skipped="0" hostname="venkay32" name="com.SeleniumWebDriverTipsAndTricks.webdriver.CapturingPageJavaScriptErrors" tests="1" failures="0" timestamp="29 Oct 2019 10:58:48 GMT" time="0.039" errors="0">
  <testcase name="printPageErrors" time="0.039" classname="com.SeleniumWebDriverTipsAndTricks.webdriver.CapturingPageJavaScriptErrors"/>
</testsuite> <!-- com.SeleniumWebDriverTipsAndTricks.webdriver.CapturingPageJavaScriptErrors -->
