<?xml version="1.0" encoding="UTF-8"?>
<!-- Generated by org.testng.reporters.JUnitReportReporter -->
<testsuite skipped="0" hostname="venkay32" name="com.AdvancedUserInteractionsAPI.webdriver.DragAndDropElementByPixelXYOffset" tests="1" failures="0" timestamp="29 Oct 2019 21:06:56 GMT" time="13.922" errors="0">
  <testcase name="drabAndDropBy" time="13.922" classname="com.AdvancedUserInteractionsAPI.webdriver.DragAndDropElementByPixelXYOffset"/>
</testsuite> <!-- com.AdvancedUserInteractionsAPI.webdriver.DragAndDropElementByPixelXYOffset -->
