<?xml version="1.0" encoding="UTF-8"?>
<!-- Generated by org.testng.reporters.JUnitReportReporter -->
<testsuite skipped="0" hostname="venkay32" name="com.AdvancedTestNG.webdriver.GroupAndRunSeleniumTestCases" tests="2" failures="0" timestamp="29 Oct 2019 20:59:14 GMT" time="0.002" errors="0">
  <testcase name="login" time="0.001" classname="com.AdvancedTestNG.webdriver.GroupAndRunSeleniumTestCases"/>
  <testcase name="viewNews" time="0.001" classname="com.AdvancedTestNG.webdriver.GroupAndRunSeleniumTestCases"/>
</testsuite> <!-- com.AdvancedTestNG.webdriver.GroupAndRunSeleniumTestCases -->
