<?xml version="1.0" encoding="UTF-8"?>
<!-- Generated by org.testng.reporters.JUnitReportReporter -->
<testsuite skipped="0" hostname="venkay32" name="com.TestNGOnePack.webdriver.ClassOne" tests="1" failures="0" timestamp="26 Sep 2019 11:40:25 GMT" time="0.033" errors="0">
  <testcase name="testmethodtwo" time="0.033" classname="com.TestNGOnePack.webdriver.ClassOne"/>
</testsuite> <!-- com.TestNGOnePack.webdriver.ClassOne -->
