<?xml version="1.0" encoding="UTF-8"?>
<!-- Generated by org.testng.reporters.JUnitReportReporter -->
<testsuite skipped="0" hostname="venkay32" name="com.AdvancedTestNG.webdriver.FormSubmit1" tests="3" failures="0" timestamp="29 Oct 2019 20:59:14 GMT" time="1.880" errors="0">
  <testcase name="Submit" time="0.620" classname="com.AdvancedTestNG.webdriver.FormSubmit1"/>
  <testcase name="Submit" time="0.432" classname="com.AdvancedTestNG.webdriver.FormSubmit1"/>
  <testcase name="Submit" time="0.828" classname="com.AdvancedTestNG.webdriver.FormSubmit1"/>
</testsuite> <!-- com.AdvancedTestNG.webdriver.FormSubmit1 -->
