<?xml version="1.0" encoding="UTF-8"?>
<!-- Generated by org.testng.reporters.JUnitReportReporter -->
<testsuite skipped="0" hostname="venkay32" name="com.TestNGOnePack.webdriver.NewTest" tests="1" failures="0" timestamp="24 Sep 2019 08:47:23 GMT" time="0.011" errors="0">
  <testcase name="f" time="0.011" classname="com.TestNGOnePack.webdriver.NewTest"/>
</testsuite> <!-- com.TestNGOnePack.webdriver.NewTest -->
