<?xml version="1.0" encoding="UTF-8"?>
<!-- Generated by org.testng.reporters.JUnitReportReporter -->
<testsuite skipped="0" hostname="venkay32" name="com.TestNGTwoPack.webdriver.ClassTwo" tests="1" failures="0" timestamp="26 Sep 2019 11:40:25 GMT" time="3.768" errors="0">
  <testcase name="testmethodone" time="3.768" classname="com.TestNGTwoPack.webdriver.ClassTwo"/>
</testsuite> <!-- com.TestNGTwoPack.webdriver.ClassTwo -->
