<?xml version="1.0" encoding="UTF-8"?>
<!-- Generated by org.testng.reporters.JUnitReportReporter -->
<testsuite skipped="0" hostname="venkay32" name="com.SeleniumWebDriverTipsAndTricks.webdriver.HandleSERE" tests="1" failures="0" timestamp="25 Oct 2019 19:43:46 GMT" time="5.269" errors="0">
  <testcase name="getException" time="5.269" classname="com.SeleniumWebDriverTipsAndTricks.webdriver.HandleSERE"/>
</testsuite> <!-- com.SeleniumWebDriverTipsAndTricks.webdriver.HandleSERE -->
