<?xml version="1.0" encoding="UTF-8"?>
<!-- Generated by org.testng.reporters.JUnitReportReporter -->
<testsuite skipped="0" hostname="venkay32" name="com.AdvancedTestNG.webdriver.TestNGTimeoutTest" tests="2" failures="0" timestamp="29 Oct 2019 20:59:14 GMT" time="8.121" errors="0">
  <testcase name="timeoutTestTwo" time="2.021" classname="com.AdvancedTestNG.webdriver.TestNGTimeoutTest"/>
  <testcase name="timeoutTestOne" time="6.100" classname="com.AdvancedTestNG.webdriver.TestNGTimeoutTest"/>
</testsuite> <!-- com.AdvancedTestNG.webdriver.TestNGTimeoutTest -->
