<?xml version="1.0" encoding="UTF-8"?>
<!-- Generated by org.testng.reporters.JUnitReportReporter -->
<testsuite skipped="0" hostname="venkay32" name="com.SeleniumWebDriverTipsAndTricks.webdriver.DataDrivenTestUsingCSVFile" tests="1" failures="0" timestamp="29 Oct 2019 13:54:37 GMT" time="9.755" errors="0">
  <testcase name="testDataDrivenTestUsingCSVFile" time="9.755" classname="com.SeleniumWebDriverTipsAndTricks.webdriver.DataDrivenTestUsingCSVFile"/>
</testsuite> <!-- com.SeleniumWebDriverTipsAndTricks.webdriver.DataDrivenTestUsingCSVFile -->
