<?xml version="1.0" encoding="UTF-8"?>
<!-- Generated by org.testng.reporters.JUnitReportReporter -->
<testsuite skipped="0" hostname="venkay32" name="com.SeleniumWebDriverTipsAndTricks.webdriver.WaitForPageToLoadOrReady" tests="1" failures="0" timestamp="29 Oct 2019 10:29:34 GMT" time="1.132" errors="0">
  <testcase name="testWaitForPageToLoadOrReady" time="1.132" classname="com.SeleniumWebDriverTipsAndTricks.webdriver.WaitForPageToLoadOrReady"/>
</testsuite> <!-- com.SeleniumWebDriverTipsAndTricks.webdriver.WaitForPageToLoadOrReady -->
