<?xml version="1.0" encoding="UTF-8"?>
<!-- Generated by org.testng.reporters.JUnitReportReporter -->
<testsuite skipped="0" hostname="venkay32" name="com.SeleniumWebDriverAdvancedTutorials.webdriver.ExtractDomainCookie" tests="1" failures="0" timestamp="29 Oct 2019 17:44:22 GMT" time="0.048" errors="0">
  <testcase name="testExtractDomainCookie" time="0.048" classname="com.SeleniumWebDriverAdvancedTutorials.webdriver.ExtractDomainCookie"/>
</testsuite> <!-- com.SeleniumWebDriverAdvancedTutorials.webdriver.ExtractDomainCookie -->
