<?xml version="1.0" encoding="UTF-8"?>
<!-- Generated by org.testng.reporters.JUnitReportReporter -->
<testsuite skipped="0" hostname="venkay32" name="com.TestNGOnePack.webdriver.ClassOne0" tests="1" failures="0" timestamp="26 Sep 2019 08:15:10 GMT" time="9.802" errors="0">
  <testcase name="testMethodDone" time="9.802" classname="com.TestNGOnePack.webdriver.ClassOne0"/>
</testsuite> <!-- com.TestNGOnePack.webdriver.ClassOne0 -->
