<?xml version="1.0" encoding="UTF-8"?>
<!-- Generated by org.testng.reporters.JUnitReportReporter -->
<testsuite skipped="0" hostname="venkay32" name="com.BasicActionCommandsOperations.webdriver.HandleAjaxAutoSuggestDropList" tests="2" failures="0" timestamp="29 Oct 2019 21:12:49 GMT" time="10.619" errors="0">
  <testcase name="Search_Test" time="5.200" classname="com.BasicActionCommandsOperations.webdriver.HandleAjaxAutoSuggestDropList"/>
  <testcase name="Search_Test" time="5.419" classname="com.BasicActionCommandsOperations.webdriver.HandleAjaxAutoSuggestDropList"/>
</testsuite> <!-- com.BasicActionCommandsOperations.webdriver.HandleAjaxAutoSuggestDropList -->
