<?xml version="1.0" encoding="UTF-8"?>
<!-- Generated by org.testng.reporters.JUnitReportReporter -->
<testsuite skipped="0" hostname="venkay32" name="BasicActionCommandsOperations.HandleAjaxAutoSuggestDropList" tests="2" failures="0" timestamp="19 Sep 2019 11:27:17 GMT" time="10.614" errors="0">
  <testcase name="Search_Test" time="5.206" classname="BasicActionCommandsOperations.HandleAjaxAutoSuggestDropList"/>
  <testcase name="Search_Test" time="5.408" classname="BasicActionCommandsOperations.HandleAjaxAutoSuggestDropList"/>
</testsuite> <!-- BasicActionCommandsOperations.HandleAjaxAutoSuggestDropList -->
