<?xml version="1.0" encoding="UTF-8"?>
<!-- Generated by org.testng.reporters.JUnitReportReporter -->
<testsuite skipped="0" hostname="venkay32" name="com.SeleniumWebDriverTipsAndTricks.webdriver.RecordTestExecution" tests="1" failures="0" timestamp="25 Oct 2019 20:56:55 GMT" time="8.445" errors="0">
  <testcase name="getScrollStatus" time="8.445" classname="com.SeleniumWebDriverTipsAndTricks.webdriver.RecordTestExecution"/>
</testsuite> <!-- com.SeleniumWebDriverTipsAndTricks.webdriver.RecordTestExecution -->
