<?xml version="1.0" encoding="UTF-8"?>
<!-- Generated by org.testng.reporters.JUnitReportReporter -->
<testsuite skipped="0" hostname="venkay32" name="com.AdvancedTestNG.webdriver.LogInCase1" tests="3" failures="0" timestamp="29 Oct 2019 20:59:14 GMT" time="0.885" errors="0">
  <testcase name="LogIn" time="0.228" classname="com.AdvancedTestNG.webdriver.LogInCase1"/>
  <testcase name="LogIn" time="0.422" classname="com.AdvancedTestNG.webdriver.LogInCase1"/>
  <testcase name="LogIn" time="0.235" classname="com.AdvancedTestNG.webdriver.LogInCase1"/>
</testsuite> <!-- com.AdvancedTestNG.webdriver.LogInCase1 -->
