<?xml version="1.0" encoding="UTF-8"?>
<!-- Generated by org.testng.reporters.JUnitReportReporter -->
<testsuite skipped="1" hostname="venkay32" name="com.TestNGScripts.webdriver.SkipTest" tests="2" failures="0" timestamp="26 Sep 2019 12:08:48 GMT" time="0.331" errors="0">
  <testcase name="Intensional_Skip" time="0.023" classname="com.TestNGScripts.webdriver.SkipTest">
    <skipped/>
  </testcase> <!-- Intensional_Skip -->
  <testcase name="Radio_check" time="0.308" classname="com.TestNGScripts.webdriver.SkipTest"/>
</testsuite> <!-- com.TestNGScripts.webdriver.SkipTest -->
