<?xml version="1.0" encoding="UTF-8"?>
<!-- Generated by org.testng.reporters.JUnitReportReporter -->
<testsuite skipped="0" hostname="venkay32" name="com.AdvancedTestNG.webdriver.FormSubmit" tests="3" failures="0" timestamp="29 Oct 2019 20:59:14 GMT" time="1.595" errors="0">
  <testcase name="Submit" time="0.791" classname="com.AdvancedTestNG.webdriver.FormSubmit"/>
  <testcase name="Submit" time="0.468" classname="com.AdvancedTestNG.webdriver.FormSubmit"/>
  <testcase name="Submit" time="0.336" classname="com.AdvancedTestNG.webdriver.FormSubmit"/>
</testsuite> <!-- com.AdvancedTestNG.webdriver.FormSubmit -->
