<?xml version="1.0" encoding="UTF-8"?>
<!-- Generated by org.testng.reporters.JUnitReportReporter -->
<testsuite skipped="0" hostname="venkay32" name="com.AdvancedTestNG.webdriver.POTestOne" tests="1" failures="0" timestamp="29 Oct 2019 20:59:15 GMT" time="0.004" errors="0">
  <testcase name="testCaseOne_ClassOne" time="0.004" classname="com.AdvancedTestNG.webdriver.POTestOne"/>
</testsuite> <!-- com.AdvancedTestNG.webdriver.POTestOne -->
