<?xml version="1.0" encoding="UTF-8"?>
<!-- Generated by org.testng.reporters.JUnitReportReporter -->
<testsuite skipped="0" hostname="venkay32" name="com.TestNGTwoPack.webdriver.ClassOne" tests="2" failures="0" timestamp="26 Sep 2019 08:15:10 GMT" time="0.038" errors="0">
  <testcase name="testmethodtwo" time="0.019" classname="com.TestNGTwoPack.webdriver.ClassOne"/>
  <testcase name="testmethodone" time="0.019" classname="com.TestNGTwoPack.webdriver.ClassOne"/>
</testsuite> <!-- com.TestNGTwoPack.webdriver.ClassOne -->
