<?xml version="1.0" encoding="UTF-8"?>
<!-- Generated by org.testng.reporters.JUnitReportReporter -->
<testsuite skipped="0" hostname="venkay32" name="com.TestNGThreePack.webdriver.ClassOne" tests="2" failures="0" timestamp="26 Sep 2019 07:54:27 GMT" time="0.048" errors="0">
  <testcase name="testmethodone" time="0.016" classname="com.TestNGThreePack.webdriver.ClassOne"/>
  <testcase name="testmethodtwo" time="0.032" classname="com.TestNGThreePack.webdriver.ClassOne"/>
</testsuite> <!-- com.TestNGThreePack.webdriver.ClassOne -->
