<?xml version="1.0" encoding="UTF-8"?>
<!-- Generated by org.testng.reporters.JUnitReportReporter -->
<testsuite skipped="0" hostname="venkay32" name="com.TestNGOnePack.webdriver.ClassTwo" tests="2" failures="0" timestamp="26 Sep 2019 08:15:10 GMT" time="1.156" errors="0">
  <testcase name="testmethodtwo" time="0.020" classname="com.TestNGOnePack.webdriver.ClassTwo"/>
  <testcase name="testmethodone" time="1.136" classname="com.TestNGOnePack.webdriver.ClassTwo"/>
</testsuite> <!-- com.TestNGOnePack.webdriver.ClassTwo -->
