<?xml version="1.0" encoding="UTF-8"?>
<!-- Generated by org.testng.reporters.JUnitReportReporter -->
<testsuite skipped="0" hostname="venkay32" name="com.TestNGThreePack.webdriver.ClassTwo" tests="2" failures="0" timestamp="26 Sep 2019 07:54:27 GMT" time="2.073" errors="0">
  <testcase name="testmethodone" time="2.042" classname="com.TestNGThreePack.webdriver.ClassTwo"/>
  <testcase name="testmethodtwo" time="0.031" classname="com.TestNGThreePack.webdriver.ClassTwo"/>
</testsuite> <!-- com.TestNGThreePack.webdriver.ClassTwo -->
