<?xml version="1.0" encoding="UTF-8"?>
<!-- Generated by org.testng.reporters.JUnitReportReporter -->
<testsuite skipped="0" hostname="venkay32" name="com.SeleniumWebDriverTipsAndTricks.webdriver.HandleOrWorkingWithIFrame" tests="1" failures="0" timestamp="29 Oct 2019 11:53:43 GMT" time="0.975" errors="0">
  <testcase name="handleFrames" time="0.975" classname="com.SeleniumWebDriverTipsAndTricks.webdriver.HandleOrWorkingWithIFrame"/>
</testsuite> <!-- com.SeleniumWebDriverTipsAndTricks.webdriver.HandleOrWorkingWithIFrame -->
