<?xml version="1.0" encoding="UTF-8"?>
<!-- Generated by org.testng.reporters.JUnitReportReporter -->
<testsuite skipped="0" hostname="venkay32" name="com.SeleniumWebDriverTipsAndTricks.webdriver.ZoomInAndZoomOutPage" tests="1" failures="0" timestamp="25 Oct 2019 21:30:55 GMT" time="15.413" errors="0">
  <testcase name="getScrollStatus" time="15.413" classname="com.SeleniumWebDriverTipsAndTricks.webdriver.ZoomInAndZoomOutPage"/>
</testsuite> <!-- com.SeleniumWebDriverTipsAndTricks.webdriver.ZoomInAndZoomOutPage -->
