<?xml version="1.0" encoding="UTF-8"?>
<!-- Generated by org.testng.reporters.JUnitReportReporter -->
<testsuite skipped="0" hostname="venkay32" name="com.SeleniumWebDriverAdvancedTutorials.webdriver.AddNewCookieWhenExecuting" tests="1" failures="0" timestamp="29 Oct 2019 17:56:12 GMT" time="0.061" errors="0">
  <testcase name="testAddNewCookieWhenExecuting" time="0.061" classname="com.SeleniumWebDriverAdvancedTutorials.webdriver.AddNewCookieWhenExecuting"/>
</testsuite> <!-- com.SeleniumWebDriverAdvancedTutorials.webdriver.AddNewCookieWhenExecuting -->
