<?xml version="1.0" encoding="UTF-8"?>
<!-- Generated by org.testng.reporters.JUnitReportReporter -->
<testsuite skipped="0" hostname="venkay32" name="com.SeleniumWebDriverTipsAndTricks.webdriver.SetAndGetWindowPositionAndSize" tests="2" failures="0" timestamp="25 Oct 2019 19:17:59 GMT" time="0.219" errors="0">
  <testcase name="setGetWindowSize" time="0.159" classname="com.SeleniumWebDriverTipsAndTricks.webdriver.SetAndGetWindowPositionAndSize"/>
  <testcase name="setGetWindowPosition" time="0.060" classname="com.SeleniumWebDriverTipsAndTricks.webdriver.SetAndGetWindowPositionAndSize"/>
</testsuite> <!-- com.SeleniumWebDriverTipsAndTricks.webdriver.SetAndGetWindowPositionAndSize -->
