<?xml version="1.0" encoding="UTF-8"?>
<!-- Generated by org.testng.reporters.JUnitReportReporter -->
<testsuite skipped="0" hostname="venkay32" name="com.SeleniumWebDriverAdvancedTutorials.webdriver.DeleteSpecificOrAllCookies" tests="1" failures="0" timestamp="30 Oct 2019 21:14:04 GMT" time="0.200" errors="0">
  <testcase name="deleteCookie" time="0.200" classname="com.SeleniumWebDriverAdvancedTutorials.webdriver.DeleteSpecificOrAllCookies"/>
</testsuite> <!-- com.SeleniumWebDriverAdvancedTutorials.webdriver.DeleteSpecificOrAllCookies -->
