<?xml version="1.0" encoding="UTF-8"?>
<!-- Generated by org.testng.reporters.JUnitReportReporter -->
<testsuite skipped="0" hostname="venkay32" name="com.AutoIT.webdriver.FileUploadByAutoIT" tests="1" failures="0" timestamp="29 Oct 2019 21:10:51 GMT" time="2.766" errors="0">
  <testcase name="testUploadFilebyAutoIT" time="2.766" classname="com.AutoIT.webdriver.FileUploadByAutoIT"/>
</testsuite> <!-- com.AutoIT.webdriver.FileUploadByAutoIT -->
