<?xml version="1.0" encoding="UTF-8"?>
<!-- Generated by org.testng.reporters.JUnitReportReporter -->
<testsuite skipped="0" hostname="venkay32" name="com.AdvancedUserInteractionsAPI.webdriver.DragAndDrop" tests="1" failures="0" timestamp="29 Oct 2019 21:06:56 GMT" time="0.442" errors="0">
  <testcase name="testDragAndDrop" time="0.442" classname="com.AdvancedUserInteractionsAPI.webdriver.DragAndDrop"/>
</testsuite> <!-- com.AdvancedUserInteractionsAPI.webdriver.DragAndDrop -->
