<?xml version="1.0" encoding="UTF-8"?>
<!-- Generated by org.testng.reporters.JUnitReportReporter -->
<testsuite skipped="0" hostname="venkay32" name="com.AutoIT.webdriver.FileDownloadbyAutoIT" tests="1" failures="0" timestamp="29 Oct 2019 21:10:51 GMT" time="5.468" errors="0">
  <testcase name="testDownloadFilebyAutoIT" time="5.468" classname="com.AutoIT.webdriver.FileDownloadbyAutoIT"/>
</testsuite> <!-- com.AutoIT.webdriver.FileDownloadbyAutoIT -->
