<?xml version="1.0" encoding="UTF-8"?>
<!-- Generated by org.testng.reporters.JUnitReportReporter -->
<testsuite skipped="0" hostname="venkay32" name="com.AdvancedTestNG.webdriver.Test_Two" tests="2" failures="0" timestamp="21 Oct 2019 10:55:05 GMT" time="2.346" errors="0">
  <testcase name="testCaseOne_Test_Two" time="1.179" classname="com.AdvancedTestNG.webdriver.Test_Two"/>
  <testcase name="testCaseTwo_Test_Two" time="1.167" classname="com.AdvancedTestNG.webdriver.Test_Two"/>
</testsuite> <!-- com.AdvancedTestNG.webdriver.Test_Two -->
