<?xml version="1.0" encoding="UTF-8"?>
<!-- Generated by org.testng.reporters.JUnitReportReporter -->
<testsuite skipped="0" hostname="venkay32" name="com.AdvancedTestNG.webdriver.POTestThree" tests="1" failures="0" timestamp="29 Oct 2019 20:59:14 GMT" time="0.011" errors="0">
  <testcase name="testCaseOne_ClassThree" time="0.011" classname="com.AdvancedTestNG.webdriver.POTestThree"/>
</testsuite> <!-- com.AdvancedTestNG.webdriver.POTestThree -->
