<?xml version="1.0" encoding="UTF-8"?>
<!-- Generated by org.testng.reporters.JUnitReportReporter -->
<testsuite skipped="0" hostname="venkay32" name="com.AdvancedTestNG.webdriver.Test_One" tests="2" failures="0" timestamp="21 Oct 2019 10:54:10 GMT" time="2.413" errors="0">
  <testcase name="testCaseOne_Test_One" time="1.259" classname="com.AdvancedTestNG.webdriver.Test_One"/>
  <testcase name="testCaseTwo_Test_One" time="1.154" classname="com.AdvancedTestNG.webdriver.Test_One"/>
</testsuite> <!-- com.AdvancedTestNG.webdriver.Test_One -->
