<?xml version="1.0" encoding="UTF-8"?>
<!-- Generated by org.testng.reporters.JUnitReportReporter -->
<testsuite skipped="0" hostname="venkay32" name="com.AdvancedTestNG.webdriver.SetTestNGPriorityforTest" tests="3" failures="0" timestamp="17 Oct 2019 11:51:51 GMT" time="0.017" errors="0">
  <testcase name="Login" time="0.011" classname="com.AdvancedTestNG.webdriver.SetTestNGPriorityforTest"/>
  <testcase name="checkMail" time="0.004" classname="com.AdvancedTestNG.webdriver.SetTestNGPriorityforTest"/>
  <testcase name="LogOut" time="0.002" classname="com.AdvancedTestNG.webdriver.SetTestNGPriorityforTest"/>
</testsuite> <!-- com.AdvancedTestNG.webdriver.SetTestNGPriorityforTest -->
