<?xml version="1.0" encoding="UTF-8"?>
<!-- Generated by org.testng.reporters.JUnitReportReporter -->
<testsuite skipped="0" hostname="venkay32" name="com.SeleniumWebDriverAdvancedTutorials.webdriver.UsingHTMLUnitDriver" tests="1" failures="0" timestamp="29 Oct 2019 18:12:42 GMT" time="5.836" errors="0">
  <testcase name="googleSearch" time="5.836" classname="com.SeleniumWebDriverAdvancedTutorials.webdriver.UsingHTMLUnitDriver"/>
</testsuite> <!-- com.SeleniumWebDriverAdvancedTutorials.webdriver.UsingHTMLUnitDriver -->
